Copyright 1986-2022 Xilinx, Inc. All Rights Reserved. Copyright 2022-2025 Advanced Micro Devices, Inc. All Rights Reserved.
---------------------------------------------------------------------------------------------------------------------------------------------
| Tool Version : Vivado v.2025.2 (lin64) Build 6299465 Fri Nov 14 12:34:56 MST 2025
| Date         : Sat Jun 20 21:08:10 2026
| Host         : AL-MS790S-U26 running 64-bit Ubuntu 26.04 LTS
| Command      : report_utilization -file /home/yukidama/github/vvvdoo/fpga/reports/kv260_impl_util.rpt
| Design       : voodoo_pl_top
| Device       : xck26-sfvc784-2LV-c
| Speed File   : -2LV
| Design State : Routed
---------------------------------------------------------------------------------------------------------------------------------------------

Utilization Design Information

Table of Contents
-----------------
1. CLB Logic
1.1 Summary of Registers by Type
2. CLB Logic Distribution
3. BLOCKRAM
4. ARITHMETIC
5. I/O
6. CLOCK
7. ADVANCED
8. CONFIGURATION
9. Primitives
10. Black Boxes
11. Instantiated Netlists

1. CLB Logic
------------

+----------------------------+-------+-------+------------+-----------+-------+
|          Site Type         |  Used | Fixed | Prohibited | Available | Util% |
+----------------------------+-------+-------+------------+-----------+-------+
| CLB LUTs                   | 32042 |     0 |          0 |    117120 | 27.36 |
|   LUT as Logic             | 32040 |     0 |          0 |    117120 | 27.36 |
|   LUT as Memory            |     2 |     0 |          0 |     57600 | <0.01 |
|     LUT as Distributed RAM |     2 |     0 |            |           |       |
|     LUT as Shift Register  |     0 |     0 |            |           |       |
| CLB Registers              | 22389 |     0 |          0 |    234240 |  9.56 |
|   Register as Flip Flop    | 22389 |     0 |          0 |    234240 |  9.56 |
|   Register as Latch        |     0 |     0 |          0 |    234240 |  0.00 |
| CARRY8                     |  1539 |     0 |          0 |     14640 | 10.51 |
| F7 Muxes                   |  1230 |     0 |          0 |     58560 |  2.10 |
| F8 Muxes                   |   553 |     0 |          0 |     29280 |  1.89 |
| F9 Muxes                   |     0 |     0 |          0 |     14640 |  0.00 |
| Unique Control Sets        |   544 |       |          0 |     29280 |  1.86 |
+----------------------------+-------+-------+------------+-----------+-------+
* Warning! LUT value is adjusted to account for LUT combining.
** Note: Available Control Sets calculated as Slices * 2, Review the Control Sets Report for more information regarding control sets.


1.1 Summary of Registers by Type
--------------------------------

+-------+--------------+-------------+--------------+
| Total | Clock Enable | Synchronous | Asynchronous |
+-------+--------------+-------------+--------------+
| 0     |            _ |           - |            - |
| 0     |            _ |           - |          Set |
| 0     |            _ |           - |        Reset |
| 0     |            _ |         Set |            - |
| 0     |            _ |       Reset |            - |
| 0     |          Yes |           - |            - |
| 0     |          Yes |           - |          Set |
| 0     |          Yes |           - |        Reset |
| 54    |          Yes |         Set |            - |
| 22335 |          Yes |       Reset |            - |
+-------+--------------+-------------+--------------+


2. CLB Logic Distribution
-------------------------

+--------------------------------------------+-------+-------+------------+-----------+-------+
|                  Site Type                 |  Used | Fixed | Prohibited | Available | Util% |
+--------------------------------------------+-------+-------+------------+-----------+-------+
| CLB                                        |  6471 |     0 |          0 |     14640 | 44.20 |
|   CLBL                                     |  2959 |     0 |            |           |       |
|   CLBM                                     |  3512 |     0 |            |           |       |
| LUT as Logic                               | 32040 |     0 |          0 |    117120 | 27.36 |
|   using O5 output only                     |   187 |       |            |           |       |
|   using O6 output only                     | 25585 |       |            |           |       |
|   using O5 and O6                          |  6268 |       |            |           |       |
| LUT as Memory                              |     2 |     0 |          0 |     57600 | <0.01 |
|   LUT as Distributed RAM                   |     2 |     0 |            |           |       |
|     using O5 output only                   |     0 |       |            |           |       |
|     using O6 output only                   |     0 |       |            |           |       |
|     using O5 and O6                        |     2 |       |            |           |       |
|   LUT as Shift Register                    |     0 |     0 |            |           |       |
|     using O5 output only                   |     0 |       |            |           |       |
|     using O6 output only                   |     0 |       |            |           |       |
|     using O5 and O6                        |     0 |       |            |           |       |
| CLB Registers                              | 22389 |     0 |          0 |    234240 |  9.56 |
|   Register driven from within the CLB      |  8204 |       |            |           |       |
|   Register driven from outside the CLB     | 14185 |       |            |           |       |
|     LUT in front of the register is unused |  7733 |       |            |           |       |
|     LUT in front of the register is used   |  6452 |       |            |           |       |
+--------------------------------------------+-------+-------+------------+-----------+-------+


3. BLOCKRAM
-----------

+----------------+------+-------+------------+-----------+-------+
|    Site Type   | Used | Fixed | Prohibited | Available | Util% |
+----------------+------+-------+------------+-----------+-------+
| Block RAM Tile |    0 |     0 |          0 |       144 |  0.00 |
|   RAMB36/FIFO* |    0 |     0 |          0 |       144 |  0.00 |
|   RAMB18       |    0 |     0 |          0 |       288 |  0.00 |
| URAM           |   32 |     0 |          0 |        64 | 50.00 |
+----------------+------+-------+------------+-----------+-------+
* Note: Each Block RAM Tile only has one FIFO logic available and therefore can accommodate only one FIFO36E2 or one FIFO18E2. However, if a FIFO18E2 occupies a Block RAM Tile, that tile can still accommodate a RAMB18E2


4. ARITHMETIC
-------------

+----------------+------+-------+------------+-----------+-------+
|    Site Type   | Used | Fixed | Prohibited | Available | Util% |
+----------------+------+-------+------------+-----------+-------+
| DSPs           |  229 |     0 |          0 |      1248 | 18.35 |
|   DSP48E2 only |  229 |       |            |           |       |
+----------------+------+-------+------------+-----------+-------+


5. I/O
------

+------------------+------+-------+------------+-----------+-------+
|     Site Type    | Used | Fixed | Prohibited | Available | Util% |
+------------------+------+-------+------------+-----------+-------+
| Bonded IOB       |    0 |     0 |          0 |       189 |  0.00 |
|   HPIOB_M        |    0 |     0 |          0 |        58 |  0.00 |
|   HPIOB_S        |    0 |     0 |          0 |        58 |  0.00 |
|   HDIOB_M        |    0 |     0 |          0 |        35 |  0.00 |
|   HDIOB_S        |    0 |     0 |          0 |        35 |  0.00 |
|   HPIOB_SNGL     |    0 |     0 |          0 |         3 |  0.00 |
| HPIOBDIFFINBUF   |    0 |     0 |          0 |        82 |  0.00 |
| HPIOBDIFFOUTBUF  |    0 |     0 |          0 |        82 |  0.00 |
| HDIOBDIFFINBUF   |    0 |     0 |          0 |        35 |  0.00 |
| BITSLICE_CONTROL |    0 |     0 |          0 |        32 |  0.00 |
| BITSLICE_RX_TX   |    0 |     0 |          0 |      1248 |  0.00 |
| BITSLICE_TX      |    0 |     0 |          0 |        32 |  0.00 |
| RIU_OR           |    0 |     0 |          0 |        16 |  0.00 |
+------------------+------+-------+------------+-----------+-------+


6. CLOCK
--------

+------------+------+-------+------------+-----------+-------+
|  Site Type | Used | Fixed | Prohibited | Available | Util% |
+------------+------+-------+------------+-----------+-------+
| BUFGCE     |    2 |     0 |          0 |       112 |  1.79 |
| BUFGCE_DIV |    0 |     0 |          0 |        16 |  0.00 |
| BUFG_GT    |    0 |     0 |          0 |        96 |  0.00 |
| BUFG_PS    |    0 |     0 |          0 |        96 |  0.00 |
| BUFGCTRL*  |    0 |     0 |          0 |        32 |  0.00 |
| PLL        |    0 |     0 |          0 |         8 |  0.00 |
| MMCM       |    0 |     0 |          0 |         4 |  0.00 |
+------------+------+-------+------------+-----------+-------+
* Note: Each used BUFGCTRL counts as two GLOBAL CLOCK BUFFERs. This table does not include global clocking resources, only buffer cell usage. See the Clock Utilization Report (report_clock_utilization) for detailed accounting of global clocking resource availability.


7. ADVANCED
-----------

+-----------------+------+-------+------------+-----------+-------+
|    Site Type    | Used | Fixed | Prohibited | Available | Util% |
+-----------------+------+-------+------------+-----------+-------+
| GTHE4_CHANNEL   |    0 |     0 |          0 |         4 |  0.00 |
| GTHE4_COMMON    |    0 |     0 |          0 |         1 |  0.00 |
| OBUFDS_GTE4     |    0 |     0 |          0 |         2 |  0.00 |
| OBUFDS_GTE4_ADV |    0 |     0 |          0 |         2 |  0.00 |
| PCIE40E4        |    0 |     0 |          0 |         2 |  0.00 |
| PS8             |    0 |     0 |          0 |         1 |  0.00 |
| SYSMONE4        |    0 |     0 |          0 |         1 |  0.00 |
| VCU             |    0 |     0 |          0 |         1 |  0.00 |
+-----------------+------+-------+------------+-----------+-------+


8. CONFIGURATION
----------------

+-------------+------+-------+------------+-----------+-------+
|  Site Type  | Used | Fixed | Prohibited | Available | Util% |
+-------------+------+-------+------------+-----------+-------+
| BSCANE2     |    0 |     0 |          0 |         4 |  0.00 |
| DNA_PORTE2  |    0 |     0 |          0 |         1 |  0.00 |
| EFUSE_USR   |    0 |     0 |          0 |         1 |  0.00 |
| FRAME_ECCE4 |    0 |     0 |          0 |         1 |  0.00 |
| ICAPE3      |    0 |     0 |          0 |         2 |  0.00 |
| MASTER_JTAG |    0 |     0 |          0 |         1 |  0.00 |
| STARTUPE3   |    0 |     0 |          0 |         1 |  0.00 |
+-------------+------+-------+------------+-----------+-------+


9. Primitives
-------------

+----------+-------+---------------------+
| Ref Name |  Used | Functional Category |
+----------+-------+---------------------+
| FDRE     | 22335 |            Register |
| LUT6     | 14752 |                 CLB |
| LUT3     |  6400 |                 CLB |
| LUT5     |  5668 |                 CLB |
| LUT2     |  5470 |                 CLB |
| LUT4     |  4029 |                 CLB |
| LUT1     |  1989 |                 CLB |
| CARRY8   |  1539 |                 CLB |
| MUXF7    |  1230 |                 CLB |
| MUXF8    |   553 |                 CLB |
| DSP48E2  |   229 |          Arithmetic |
| FDSE     |    54 |            Register |
| URAM288  |    32 |            BLOCKRAM |
| RAMD32   |     4 |                 CLB |
| BUFGCE   |     2 |               Clock |
+----------+-------+---------------------+


10. Black Boxes
---------------

+----------+------+
| Ref Name | Used |
+----------+------+


11. Instantiated Netlists
-------------------------

+----------+------+
| Ref Name | Used |
+----------+------+


